<<<<<<< HEAD
[12:39:11] Création du fichier .log
[12:39:11] Création du fichier .dat
[12:39:14] Choix de l'attracteur de Van Der Pol
[12:39:16] Position initiale par défaut.
[12:39:20] Choix des parametres par défaut.
[12:39:20] Fin de la phase d'Initialisation.
[12:39:20] Début de la phase de Calcul.
[12:39:21] Fin de la phase de Calcul.
[12:39:21] Ouverture de Gnuplot.
[12:39:54] FIN.
=======
[12:39:11] Création du fichier .log
[12:39:11] Création du fichier .dat
[12:39:14] Choix de l'attracteur de Van Der Pol
[12:39:16] Position initiale par défaut.
[12:39:20] Choix des parametres par défaut.
[12:39:20] Fin de la phase d'Initialisation.
[12:39:20] Début de la phase de Calcul.
[12:39:21] Fin de la phase de Calcul.
[12:39:21] Ouverture de Gnuplot.
[12:39:54] FIN.
>>>>>>> clem
