<<<<<<< HEAD
[10:06:45] Création du fichier .log
[10:06:45] Création du fichier .dat
[10:06:47] Choix de l'attracteur de Lorenz
[10:06:49] Position initiale par défaut.
[10:06:53] Choix des parametres par défaut.
[10:06:53] Fin de la phase d'Initialisation.
[10:06:53] Début de la phase de Calcul.
[10:06:56] Fin de la phase de Calcul.
[10:06:56] Ouverture de Gnuplot.
[10:07:26] FIN.
=======
[10:06:45] Création du fichier .log
[10:06:45] Création du fichier .dat
[10:06:47] Choix de l'attracteur de Lorenz
[10:06:49] Position initiale par défaut.
[10:06:53] Choix des parametres par défaut.
[10:06:53] Fin de la phase d'Initialisation.
[10:06:53] Début de la phase de Calcul.
[10:06:56] Fin de la phase de Calcul.
[10:06:56] Ouverture de Gnuplot.
[10:07:26] FIN.
>>>>>>> clem
